2025-04-18 13:40:39 - [32minfo[39m: Creating configuration file...
2025-04-18 13:40:39 - [32minfo[39m: Adding new script(s) in package.json...
2025-04-18 13:40:39 - [32minfo[39m: Setup completed
2025-04-18 13:40:54 - [32minfo[39m: Creating configuration file...
2025-04-18 13:40:54 - [32minfo[39m: Setup completed
2025-04-18 13:44:25 - [32minfo[39m: Running SDK with args C:\Program Files\nodejs\node.exe C:\Users\Admin\Desktop\Automation\Homework_19\node_modules\browserstack-node-sdk\src\bin\runner.js playwright test
2025-04-18 13:44:25 - [32minfo[39m: Reading configs from C:\Users\Admin\Desktop\Automation\Homework_19\browserstack.yml
2025-04-18 13:44:25 - [32minfo[39m: SDK run started with id: 48ef9f9e-9ddc-454b-b0d5-2c9e1ad0b097
2025-04-18 13:44:25 - [32minfo[39m: Project and debug logs are captured by default. To disable, set disableAutoCaptureLogs: true in config.
2025-04-18 13:44:33 - [32minfo[39m: Local binary started successfully
2025-04-18 13:44:35 - [32minfo[39m: Testhub started with id: buwyrskevik68utq2lyuaaym895yqrpxmtdwdprm
2025-04-18 13:50:48 - [32minfo[39m: Shutdown triggered by SIGINT
2025-04-18 13:52:13 - [32minfo[39m: Running SDK with args C:\Program Files\nodejs\node.exe C:\Users\Admin\Desktop\Automation\Homework_19\node_modules\browserstack-node-sdk\src\bin\runner.js playwright test
2025-04-18 13:52:13 - [32minfo[39m: Reading configs from C:\Users\Admin\Desktop\Automation\Homework_19\browserstack.yml
2025-04-18 13:52:13 - [32minfo[39m: SDK run started with id: 3fbf2623-332a-4b1e-9f38-f1f3987e448d
2025-04-18 13:52:13 - [32minfo[39m: Project and debug logs are captured by default. To disable, set disableAutoCaptureLogs: true in config.
2025-04-18 13:52:17 - [32minfo[39m: Local binary started successfully
2025-04-18 13:52:19 - [32minfo[39m: Testhub started with id: rmxgkdby8e9kttbqat9zodwss7vltqkmtypfabto
2025-04-18 13:56:25 - [32minfo[39m: Shutdown triggered by SIGINT
2025-04-18 13:56:38 - [32minfo[39m: Running SDK with args C:\Program Files\nodejs\node.exe C:\Users\Admin\Desktop\Automation\Homework_19\node_modules\browserstack-node-sdk\src\bin\runner.js playwright test
2025-04-18 13:56:38 - [32minfo[39m: Reading configs from C:\Users\Admin\Desktop\Automation\Homework_19\browserstack.yml
2025-04-18 13:56:38 - [32minfo[39m: SDK run started with id: 4719df18-792e-48ac-90d9-e9e24883cd7a
2025-04-18 13:56:40 - [32minfo[39m: Testhub started with id: sipucfsfssv3v2af16qgstap6yfrgxgbuzozxewj
2025-04-18 13:59:21 - [32minfo[39m: Running SDK with args C:\Program Files\nodejs\node.exe C:\Users\Admin\Desktop\Automation\Homework_19\node_modules\browserstack-node-sdk\src\bin\runner.js playwright test
2025-04-18 13:59:21 - [32minfo[39m: Reading configs from C:\Users\Admin\Desktop\Automation\Homework_19\browserstack.yml
2025-04-18 13:59:21 - [32minfo[39m: SDK run started with id: 36ec8a41-c686-4f95-901d-08d193eee8b6
2025-04-18 13:59:23 - [32minfo[39m: Testhub started with id: ygblbpgq6q9jst6248o6nats90poctfxqwwcycix
2025-04-18 15:26:07 - [32minfo[39m: Running SDK with args C:\Program Files\nodejs\node.exe C:\Users\Admin\Desktop\Automation\Homework_19\node_modules\browserstack-node-sdk\src\bin\runner.js playwright test
2025-04-18 15:26:07 - [32minfo[39m: Reading configs from C:\Users\Admin\Desktop\Automation\Homework_19\browserstack.yml
2025-04-18 15:26:07 - [32minfo[39m: SDK run started with id: ef3254c6-0170-434e-a634-7e9c77e50ab3
2025-04-18 15:26:10 - [32minfo[39m: Testhub started with id: 8kl5yihe339otslybsiegypkbs4i1bnsibinokws
2025-04-18 15:40:57 - [32minfo[39m: Running SDK with args C:\Program Files\nodejs\node.exe C:\Users\Admin\Desktop\Automation\Homework_19\node_modules\browserstack-node-sdk\src\bin\runner.js playwright test
2025-04-18 15:40:57 - [32minfo[39m: Reading configs from C:\Users\Admin\Desktop\Automation\Homework_19\browserstack.yml
2025-04-18 15:40:57 - [32minfo[39m: SDK run started with id: 9c1a1af3-88bc-4f79-ba23-70244aa882dc
2025-04-18 15:40:57 - [32minfo[39m: Project and debug logs are captured by default. To disable, set disableAutoCaptureLogs: true in config.
2025-04-18 15:41:01 - [32minfo[39m: Local binary started successfully
2025-04-18 15:41:03 - [32minfo[39m: Testhub started with id: uh5a8h2vx8zr3x66bknsuxjfcfbzrimjnjqtnavm
2025-04-18 15:43:22 - [32minfo[39m: Shutdown triggered by SIGINT
2025-04-18 15:44:14 - [32minfo[39m: Running SDK with args C:\Program Files\nodejs\node.exe C:\Users\Admin\Desktop\Automation\Homework_19\node_modules\browserstack-node-sdk\src\bin\runner.js playwright test
2025-04-18 15:44:14 - [32minfo[39m: Reading configs from C:\Users\Admin\Desktop\Automation\Homework_19\browserstack.yml
2025-04-18 15:44:14 - [32minfo[39m: SDK run started with id: e5a4e97b-d21b-4f87-a3e0-0f7cfa8894a1
2025-04-18 15:44:16 - [32minfo[39m: Testhub started with id: iesuzafxxhroarujeianhxt68jzuooaygxhedvoo
2025-04-18 15:47:26 - [32minfo[39m: Running SDK with args C:\Program Files\nodejs\node.exe C:\Users\Admin\Desktop\Automation\Homework_19\node_modules\browserstack-node-sdk\src\bin\runner.js playwright test
2025-04-18 15:47:26 - [32minfo[39m: Reading configs from C:\Users\Admin\Desktop\Automation\Homework_19\browserstack.yml
2025-04-18 15:47:26 - [32minfo[39m: SDK run started with id: 0fa3d65c-0158-4633-8e4e-1b07cb576c45
2025-04-18 15:47:28 - [32minfo[39m: Testhub started with id: i02swnszkdh89kvsmbgdkadkl27myoaiwxaayx4a
2025-04-18 15:49:57 - [32minfo[39m: Running SDK with args C:\Program Files\nodejs\node.exe C:\Users\Admin\Desktop\Automation\Homework_19\node_modules\browserstack-node-sdk\src\bin\runner.js playwright test
2025-04-18 15:49:57 - [32minfo[39m: Reading configs from C:\Users\Admin\Desktop\Automation\Homework_19\browserstack.yml
2025-04-18 15:49:57 - [32minfo[39m: SDK run started with id: 1abd1c4b-3fdb-47cc-831a-e74d8562e612
2025-04-18 15:49:59 - [32minfo[39m: Testhub started with id: m9mvsnjicjvjnorp6qnsj7gotgpuug9qibefr2oo
2025-04-18 16:13:59 - [32minfo[39m: Visit https://observability.browserstack.com/builds/uh5a8h2vx8zr3x66bknsuxjfcfbzrimjnjqtnavm to view build report, insights, and many more debugging information all at one place!

2025-04-18 16:13:59 - [32minfo[39m: Shutdown triggered by SIGHUP
